[debug] [2025-08-03T05:24:52.921Z] ----------------------------------------------------------------------
[debug] [2025-08-03T05:24:52.924Z] Command:       C:\nvm4w\nodejs\node.exe C:\Users\Admin\AppData\Roaming\npm\node_modules\firebase-tools\lib\bin\firebase.js init hosting
[debug] [2025-08-03T05:24:52.924Z] CLI Version:   14.11.2
[debug] [2025-08-03T05:24:52.924Z] Platform:      win32
[debug] [2025-08-03T05:24:52.924Z] Node Version:  v22.16.0
[debug] [2025-08-03T05:24:52.925Z] Time:          Sun Aug 03 2025 12:24:52 GMT+0700 (Indochina Time)
[debug] [2025-08-03T05:24:52.925Z] ----------------------------------------------------------------------
[debug] 
[debug] [2025-08-03T05:24:52.930Z] > command requires scopes: ["email","openid","https://www.googleapis.com/auth/cloudplatformprojects.readonly","https://www.googleapis.com/auth/firebase","https://www.googleapis.com/auth/cloud-platform"]
[debug] [2025-08-03T05:24:52.930Z] > authorizing via signed-in user (lequytoanptit0303@gmail.com)
[info] 
     ######## #### ########  ######## ########     ###     ######  ########
     ##        ##  ##     ## ##       ##     ##  ##   ##  ##       ##
     ######    ##  ########  ######   ########  #########  ######  ######
     ##        ##  ##    ##  ##       ##     ## ##     ##       ## ##
     ##       #### ##     ## ######## ########  ##     ##  ######  ########

You're about to initialize a Firebase project in this directory:

  D:\Thuctap_WebQuiz\QuizTrivia-App

[info] 
=== Project Setup
[info] 
[info] First, let's associate this project directory with a Firebase project.
[info] You can create multiple project aliases by running firebase use --add, 
[info] but for now we'll just set up a default project.
[info] 
[debug] [2025-08-03T05:25:07.390Z] Checked if tokens are valid: true, expires at: 1754202022814
[debug] [2025-08-03T05:25:07.390Z] Checked if tokens are valid: true, expires at: 1754202022814
[debug] [2025-08-03T05:25:07.393Z] >>> [apiv2][query] GET https://firebase.googleapis.com/v1beta1/projects pageSize=100
[debug] [2025-08-03T05:25:08.219Z] <<< [apiv2][status] GET https://firebase.googleapis.com/v1beta1/projects 200
[debug] [2025-08-03T05:25:08.219Z] <<< [apiv2][body] GET https://firebase.googleapis.com/v1beta1/projects [omitted]
[info] i  Using project quiz-app-85db6 (Quiz-App) 
[info] 
=== Hosting Setup
[debug] [2025-08-03T05:25:10.071Z] Checked if tokens are valid: true, expires at: 1754202022814
[debug] [2025-08-03T05:25:10.071Z] Checked if tokens are valid: true, expires at: 1754202022814
[debug] [2025-08-03T05:25:10.071Z] >>> [apiv2][query] GET https://firebase.googleapis.com/v1beta1/projects/quiz-app-85db6 [none]
[debug] [2025-08-03T05:25:10.386Z] <<< [apiv2][status] GET https://firebase.googleapis.com/v1beta1/projects/quiz-app-85db6 200
[debug] [2025-08-03T05:25:10.386Z] <<< [apiv2][body] GET https://firebase.googleapis.com/v1beta1/projects/quiz-app-85db6 {"projectId":"quiz-app-85db6","projectNumber":"609646993082","displayName":"Quiz-App","name":"projects/quiz-app-85db6","resources":{"hostingSite":"quiz-app-85db6"},"state":"ACTIVE","etag":"1_d0411012-6134-4957-afb0-437aa2e88b52"}
[info] 
[info] Your public directory is the folder (relative to your project directory) that
[info] will contain Hosting assets to be uploaded with firebase deploy. If you
[info] have a build process for your assets, use your build's output directory.
[info] 
[debug] [2025-08-03T05:26:16.175Z] >>> [apiv2][query] GET https://www.gstatic.com/firebasejs/releases.json [none]
[debug] [2025-08-03T05:26:16.377Z] <<< [apiv2][status] GET https://www.gstatic.com/firebasejs/releases.json 200
[debug] [2025-08-03T05:26:16.377Z] <<< [apiv2][body] GET https://www.gstatic.com/firebasejs/releases.json {"current":{"version":"12.0.0","browserURL":"https://www.gstatic.com/firebasejs/12.0.0/firebase.js","packageURL":"https://www.gstatic.com/firebasejs/12.0.0/firebase.tgz"},"live":{"version":"12.0","browserURL":"https://www.gstatic.com/firebasejs/live/12.0/firebase.js","packageURL":"https://www.gstatic.com/firebasejs/live/12.0/firebase.tgz"},"components":{"ai":"https://www.gstatic.com/firebasejs/12.0.0/firebase-ai.js","analytics":"https://www.gstatic.com/firebasejs/12.0.0/firebase-analytics.js","app":"https://www.gstatic.com/firebasejs/12.0.0/firebase-app.js","app-check":"https://www.gstatic.com/firebasejs/12.0.0/firebase-app-check.js","auth":"https://www.gstatic.com/firebasejs/12.0.0/firebase-auth.js","auth/cordova":"https://www.gstatic.com/firebasejs/12.0.0/firebase-auth/cordova.js","auth/web-extension":"https://www.gstatic.com/firebasejs/12.0.0/firebase-auth/web-extension.js","functions":"https://www.gstatic.com/firebasejs/12.0.0/firebase-functions.js","firestore":"https://www.gstatic.com/firebasejs/12.0.0/firebase-firestore.js","firestore/lite":"https://www.gstatic.com/firebasejs/12.0.0/firebase-firestore/lite.js","installations":"https://www.gstatic.com/firebasejs/12.0.0/firebase-installations.js","storage":"https://www.gstatic.com/firebasejs/12.0.0/firebase-storage.js","performance":"https://www.gstatic.com/firebasejs/12.0.0/firebase-performance.js","remote-config":"https://www.gstatic.com/firebasejs/12.0.0/firebase-remote-config.js","messaging":"https://www.gstatic.com/firebasejs/12.0.0/firebase-messaging.js","messaging/sw":"https://www.gstatic.com/firebasejs/12.0.0/firebase-messaging/sw.js","database":"https://www.gstatic.com/firebasejs/12.0.0/firebase-database.js","data-connect":"https://www.gstatic.com/firebasejs/12.0.0/firebase-data-connect.js","firestore.memory":"https://www.gstatic.com/firebasejs/12.0.0/firebase-firestore.memory.js"}}
[info] +  Wrote public/index.html 
[info] 
[info] i  Didn't detect a .git folder. Assuming D:\Thuctap_WebQuiz\QuizTrivia-App is the project root. 
[info] i  Authorizing with GitHub to upload your service account to a GitHub repository's secrets store. 
[info] 
[info] Visit this URL on this device to log in:
[info] https://github.com/login/oauth/authorize?client_id=89cf50f02ac6aaed3484&state=758070630&redirect_uri=http%3A%2F%2Flocalhost%3A9005&scope=read%3Auser%20repo%20public_repo
[info] 
[info] Waiting for authentication...
[debug] [2025-08-03T05:26:52.863Z] >>> [apiv2][query] POST https://github.com/login/oauth/access_token [none]
[debug] [2025-08-03T05:26:52.863Z] >>> [apiv2][body] POST https://github.com/login/oauth/access_token [stream]
[debug] [2025-08-03T05:26:53.350Z] <<< [apiv2][status] POST https://github.com/login/oauth/access_token 200
[debug] [2025-08-03T05:26:53.351Z] <<< [apiv2][body] POST https://github.com/login/oauth/access_token {"access_token":"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","token_type":"bearer","scope":"read:user,repo"}
[debug] [2025-08-03T05:26:53.369Z] >>> [apiv2][query] GET https://api.github.com/user [none]
[debug] [2025-08-03T05:26:53.915Z] <<< [apiv2][status] GET https://api.github.com/user 200
[debug] [2025-08-03T05:26:53.915Z] <<< [apiv2][body] GET https://api.github.com/user {"login":"ToanLee5433","id":187875401,"node_id":"U_kgDOCzLASQ","avatar_url":"https://avatars.githubusercontent.com/u/187875401?v=4","gravatar_id":"","url":"https://api.github.com/users/ToanLee5433","html_url":"https://github.com/ToanLee5433","followers_url":"https://api.github.com/users/ToanLee5433/followers","following_url":"https://api.github.com/users/ToanLee5433/following{/other_user}","gists_url":"https://api.github.com/users/ToanLee5433/gists{/gist_id}","starred_url":"https://api.github.com/users/ToanLee5433/starred{/owner}{/repo}","subscriptions_url":"https://api.github.com/users/ToanLee5433/subscriptions","organizations_url":"https://api.github.com/users/ToanLee5433/orgs","repos_url":"https://api.github.com/users/ToanLee5433/repos","events_url":"https://api.github.com/users/ToanLee5433/events{/privacy}","received_events_url":"https://api.github.com/users/ToanLee5433/received_events","type":"User","user_view_type":"private","site_admin":false,"name":null,"company":null,"blog":"","location":null,"email":null,"hireable":null,"bio":null,"twitter_username":null,"notification_email":null,"public_repos":2,"public_gists":0,"followers":0,"following":0,"created_at":"2024-11-09T14:26:01Z","updated_at":"2025-08-01T10:32:08Z","private_gists":0,"total_private_repos":1,"owned_private_repos":1,"disk_usage":27229,"collaborators":0,"two_factor_authentication":true,"plan":{"name":"pro","space":976562499,"collaborators":0,"private_repos":9999}}
[info] 
[info] +  Success! Logged into GitHub as ToanLee5433 
[info] 
[debug] [2025-08-03T05:27:44.653Z] >>> [apiv2][query] GET https://api.github.com/repos/repository/actions/secrets/public-key type=owner
[debug] [2025-08-03T05:27:45.087Z] <<< [apiv2][status] GET https://api.github.com/repos/repository/actions/secrets/public-key 404
[debug] [2025-08-03T05:27:45.088Z] <<< [apiv2][body] GET https://api.github.com/repos/repository/actions/secrets/public-key {"message":"Not Found","documentation_url":"https://docs.github.com/rest","status":"404"}
[info] 
[info] 
[error] !  The provided authorization cannot be used with this repository. If this repository is in an organization, did you remember to grant access? 
[info] 
[info] i  Action required: Visit this URL to ensure access has been granted to the appropriate organization(s) for the Firebase CLI GitHub OAuth App: 
[info] https://github.com/settings/connections/applications/89cf50f02ac6aaed3484
[info] 
[debug] [2025-08-03T05:28:38.536Z] >>> [apiv2][query] GET https://api.github.com/repos/repository/actions/secrets/public-key type=owner
[debug] [2025-08-03T05:28:39.007Z] <<< [apiv2][status] GET https://api.github.com/repos/repository/actions/secrets/public-key 404
[debug] [2025-08-03T05:28:39.008Z] <<< [apiv2][body] GET https://api.github.com/repos/repository/actions/secrets/public-key {"message":"Not Found","documentation_url":"https://docs.github.com/rest","status":"404"}
[info] 
[info] 
[error] !  The provided authorization cannot be used with this repository. If this repository is in an organization, did you remember to grant access? 
[info] 
[info] i  Action required: Visit this URL to ensure access has been granted to the appropriate organization(s) for the Firebase CLI GitHub OAuth App: 
[info] https://github.com/settings/connections/applications/89cf50f02ac6aaed3484
[info] 
[debug] [2025-08-03T05:28:44.990Z] >>> [apiv2][query] GET https://api.github.com/repos/r/actions/secrets/public-key type=owner
[debug] [2025-08-03T05:28:45.420Z] <<< [apiv2][status] GET https://api.github.com/repos/r/actions/secrets/public-key 404
[debug] [2025-08-03T05:28:45.421Z] <<< [apiv2][body] GET https://api.github.com/repos/r/actions/secrets/public-key {"message":"Not Found","documentation_url":"https://docs.github.com/rest","status":"404"}
[info] 
[info] 
[error] !  The provided authorization cannot be used with this repository. If this repository is in an organization, did you remember to grant access? 
[info] 
[info] i  Action required: Visit this URL to ensure access has been granted to the appropriate organization(s) for the Firebase CLI GitHub OAuth App: 
[info] https://github.com/settings/connections/applications/89cf50f02ac6aaed3484
[info] 
[debug] [2025-08-03T05:29:10.493Z] >>> [apiv2][query] GET https://api.github.com/repos/2/actions/secrets/public-key type=owner
[debug] [2025-08-03T05:29:10.918Z] <<< [apiv2][status] GET https://api.github.com/repos/2/actions/secrets/public-key 404
[debug] [2025-08-03T05:29:10.918Z] <<< [apiv2][body] GET https://api.github.com/repos/2/actions/secrets/public-key {"message":"Not Found","documentation_url":"https://docs.github.com/rest","status":"404"}
[info] 
[info] 
[error] !  The provided authorization cannot be used with this repository. If this repository is in an organization, did you remember to grant access? 
[info] 
[info] i  Action required: Visit this URL to ensure access has been granted to the appropriate organization(s) for the Firebase CLI GitHub OAuth App: 
[info] https://github.com/settings/connections/applications/89cf50f02ac6aaed3484
[info] 
